00:00:00.541703 VirtualBox GUI VM Selector Window 6.1.12 r139181 linux.amd64 (Aug 11 2020 08:53:49) release log
00:00:00.541704 Log opened 2020-08-18T07:52:47.347457000Z
00:00:00.541705 Build Type: release
00:00:00.541707 OS Product: Linux
00:00:00.541707 OS Release: 5.8.1-arch1-1
00:00:00.541708 OS Version: #1 SMP PREEMPT Wed, 12 Aug 2020 18:50:43 +0000
00:00:00.541725 DMI Product Name: Aspire E5-575G
00:00:00.541730 DMI Product Version: V1.47
00:00:00.541736 Firmware type: BIOS
00:00:00.541761 Host RAM: 7826MB (7.6GB) total, 6459MB (6.3GB) available
00:00:00.541764 Executable: /usr/lib/virtualbox/VirtualBox
00:00:00.541764 Process ID: 129511
00:00:00.541764 Package type: LINUX_64BITS_GENERIC (OSE)
00:00:00.541786 Qt version: 5.15.0
00:00:00.604318 GUI: UIMediumEnumerator: Medium-enumeration started...
00:00:01.202653 GUI: UIDesktopWidgetWatchdog::sltHandleHostScreenAvailableGeometryCalculated: Screen 1 work area is actually resized to: 642x9 x 636x1040
00:00:01.209703 GUI: UIDesktopWidgetWatchdog::sltHandleHostScreenAvailableGeometryCalculated: Screen 0 work area is actually resized to: 9x9 x 629x1040
00:00:01.291745 GUI: UIMediumEnumerator: Medium-enumeration finished!
00:00:05.791266 GUI: UIMediumEnumerator: Medium-enumeration finished!
00:00:12.944310 ERROR [COM]: aRC=NS_ERROR_UNEXPECTED (0x8000ffff) aIID={c0447716-ff5a-4795-b57a-ecd5fffa18a4} aComponent={SessionWrap} aText={The session is not locked (session state: Unlocked)}, preserve=false aResultDetail=0
