00:00:00.001967 main     VirtualBox XPCOM Server 6.1.12 r139181 linux.amd64 (Aug 11 2020 08:53:49) release log
00:00:00.001969 main     Log opened 2020-08-18T07:52:47.112081000Z
00:00:00.001970 main     Build Type: release
00:00:00.001972 main     OS Product: Linux
00:00:00.001972 main     OS Release: 5.8.1-arch1-1
00:00:00.001973 main     OS Version: #1 SMP PREEMPT Wed, 12 Aug 2020 18:50:43 +0000
00:00:00.002000 main     DMI Product Name: Aspire E5-575G
00:00:00.002005 main     DMI Product Version: V1.47
00:00:00.002010 main     Firmware type: BIOS
00:00:00.002036 main     Host RAM: 7826MB (7.6GB) total, 6458MB (6.3GB) available
00:00:00.002039 main     Executable: /usr/lib/virtualbox/VBoxSVC
00:00:00.002039 main     Process ID: 129561
00:00:00.002040 main     Package type: LINUX_64BITS_GENERIC (OSE)
00:00:00.003839 main     IPC socket path: /tmp/.vbox-kostas-ipc/ipcd
00:00:00.116746 nspr-2   VirtualBox: object creation starts
00:00:00.116998 nspr-2   Home directory: '/home/kostas/.config/VirtualBox'
00:00:00.117755 nspr-2   Loading settings file "/home/kostas/.config/VirtualBox/VirtualBox.xml" with version "1.12-linux"
00:00:00.130550 nspr-2   USB: Unknown USB device detected (idVendor: 0x04ca, idProduct: 0x3015)
00:00:00.131207 nspr-2   Successfully initialised host USB using sysfs
00:00:00.153477 nspr-2   NetIfAdpCtlOut: VBoxNetAdpCtl: Error while retrieving link speed for wlp3s0: VBoxNetAdpCtl: ioctl failed: Operation not supported
00:00:00.156002 nspr-2   HostDnsMonitor: initializing
00:00:00.156821 nspr-2   NAT: resolv.conf: nameserver 192.168.0.1
00:00:00.156898 nspr-2   HostDnsMonitor: updating information
00:00:00.156955 nspr-2   HostDnsMonitor: old information
00:00:00.156966 nspr-2     no server entries
00:00:00.156977 nspr-2     no domain set
00:00:00.156986 nspr-2     no search string entries
00:00:00.156995 nspr-2   HostDnsMonitor: new information
00:00:00.157004 nspr-2     server 1: 192.168.0.1
00:00:00.157016 nspr-2     no domain set
00:00:00.157024 nspr-2     no search string entries
00:00:00.179491 nspr-2   VD: VDInit finished with VINF_SUCCESS
00:00:00.180774 nspr-2   ERROR [COM]: aRC=NS_ERROR_FAILURE (0x80004005) aIID={027bc463-929c-40e8-bf16-fea557cd8e7e} aComponent={SystemPropertiesWrap} aText={Cannot determine default Guest Additions ISO location. Most likely they are not available}, preserve=false aResultDetail=0
00:00:00.194975 nspr-2   Loading settings file "/home/kostas/VirtualBox VMs/Win10/Win10.vbox" with version "1.15-linux"
00:00:00.199738 nspr-2   OCI: Local config file '/home/kostas/.config/VirtualBox/oci_config' does not exist
00:00:00.199765 nspr-2   OCI: Original config file '/home/kostas/.oci/config' does not exist
00:00:00.199770 nspr-2   OCI: Reading profiles finished with status NS_OK
00:00:00.199777 nspr-2   ExtPack: Created cloud provider 'OCI' (hrc=NS_OK)
00:00:00.199800 nspr-2   VirtualBox: object created
00:00:03.101743 nspr-4   Launched VM: 1055092288 pid: 129708 (0x1faac) frontend: GUI/Qt name: Win10
00:00:04.035966 nspr-2   Load [/usr/lib/virtualbox/ExtensionPacks/Oracle_VM_VirtualBox_Extension_Pack/linux.amd64/VBoxHostWebcam.so] vrc=VINF_SUCCESS
00:00:04.266458 nspr-6   ERROR [COM]: aRC=VBOX_E_IPRT_ERROR (0x80bb0005) aIID={85632c68-b5bb-4316-a900-5eb28d3413df} aComponent={SessionMachine} aText={Saved screenshot data is not available (VERR_NOT_SUPPORTED)}, preserve=false aResultDetail=-37
00:00:04.285716 nspr-2   NetIfAdpCtlOut: VBoxNetAdpCtl: Error while retrieving link speed for wlp3s0: VBoxNetAdpCtl: ioctl failed: Operation not supported
00:00:04.766153 nspr-3   Saving settings file "/home/kostas/VirtualBox VMs/Win10/Win10.vbox" with version "1.15-linux"
00:00:05.338653 nspr-2   Saving settings file "/home/kostas/VirtualBox VMs/Win10/Win10.vbox" with version "1.15-linux"
00:00:14.606054 nspr-4   Saving settings file "/home/kostas/.config/VirtualBox/VirtualBox.xml" with version "1.12-linux"
00:00:14.627987 nspr-4   Saving settings file "/home/kostas/.config/VirtualBox/VirtualBox.xml" with version "1.12-linux"
00:00:14.684429 nspr-4   Saving settings file "/home/kostas/.config/VirtualBox/VirtualBox.xml" with version "1.12-linux"
00:00:14.702345 nspr-3   Saving settings file "/home/kostas/.config/VirtualBox/VirtualBox.xml" with version "1.12-linux"
00:00:20.242904 main     VirtualBox: object deletion starts
00:00:20.242946 main     ERROR [COM]: aRC=VBOX_E_OBJECT_IN_USE (0x80bb000c) aIID={ad47ad09-787b-44ab-b343-a082a3f2dfb1} aComponent={MediumWrap} aText={Medium '/home/kostas/VirtualBox VMs/Win10/Win10.vdi' cannot be closed because it is still attached to 1 virtual machines}, preserve=false aResultDetail=0
00:00:20.243323 main     HostDnsMonitor: shutting down ...
00:00:20.249984 main     HostDnsMonitor: shut down
00:00:20.284220 Watcher  ERROR [COM]: aRC=E_ACCESSDENIED (0x80070005) aIID={d0a0163f-e254-4e5b-a1f2-011cf991c38d} aComponent={VirtualBoxWrap} aText={The object is not ready}, preserve=false aResultDetail=0
00:00:25.263461 main     {00007f392c018180} HostPowerServiceLinux::~HostPowerServiceLinux: RTThreadWait() for 5000 ms failed with VERR_TIMEOUT
00:00:25.264708 main     VirtualBox: object deleted
